<?xml version="1.0" encoding="UTF-8"?>
<testsuite name="Divicion complejo" tests="1" skipped="0" failures="0" errors="0" timestamp="2021-05-20T21:29:51" hostname="CPX-4SZ3PNVHUWM" time="0.212">
  <properties/>
  <testcase name="Divicion complejos" classname="Divicion complejo" time="0.212"/>
  <system-out><![CDATA[50.0
]]></system-out>
  <system-err><![CDATA[[Test worker] INFO net.thucydides.core.steps.ConsoleLoggingListener - 
        __    _____ _____ ____ _____   ____   _    ____  ____  _____ ____  
  _     \ \  |_   _| ____/ ___|_   _| |  _ \ / \  / ___|/ ___|| ____|  _ \ 
 (_)_____| |   | | |  _| \___ \ | |   | |_) / _ \ \___ \\___ \|  _| | | | |
  _|_____| |   | | | |___ ___) || |   |  __/ ___ \ ___) |___) | |___| |_| |
 (_)     | |   |_| |_____|____/ |_|   |_| /_/   \_\____/|____/|_____|____/ 
        /_/                                                                

TEST PASSED: Divicion complejos
----------------------------------------------------------------------------
]]></system-err>
</testsuite>
